kdiffily@kdiffily-macbook google-java-format % mvn -v           
Apache Maven 3.6.3 (NON-CANONICAL_2020-08-19T22:14:31-04:00_kdiffily)
Maven home: /usr/local/apache-maven/apache-maven-3.6.3
Java version: 11.0.2, vendor: Oracle Corporation, runtime: /Library/Java/JavaVirtualMachines/jdk-11.0.2.jdk/Contents/Home
Default locale: en_US, platform encoding: UTF-8
OS name: "mac os x", version: "10.16", arch: "x86_64", family: "mac"
kdiffily@kdiffily-macbook google-java-format % echo $JAVA_HOME  
/Library/Java/JavaVirtualMachines/jdk-11.0.2.jdk/Contents/Home
kdiffily@kdiffily-macbook google-java-format % mvn clean install
[INFO] Scanning for projects...
[WARNING] The project com.google.googlejavaformat:google-java-format-parent:pom:1.10-SNAPSHOT uses prerequisites which is only intended for maven-plugin projects but not for non maven-plugin projects. For such purposes you should use the maven-enforcer-plugin. See https://maven.apache.org/enforcer/enforcer-rules/requireMavenVersion.html
[INFO] ------------------------------------------------------------------------
[INFO] Reactor Build Order:
[INFO] 
[INFO] Google Java Format Parent                                          [pom]
[INFO] Google Java Format                                                 [jar]
[INFO] 
[INFO] -------< com.google.googlejavaformat:google-java-format-parent >--------
[INFO] Building Google Java Format Parent 1.10-SNAPSHOT                   [1/2]
[INFO] --------------------------------[ pom ]---------------------------------
[INFO] 
[INFO] --- maven-clean-plugin:2.5:clean (default-clean) @ google-java-format-parent ---
[INFO] 
[INFO] --- maven-enforcer-plugin:1.0:enforce (enforce-maven) @ google-java-format-parent ---
[INFO] 
[INFO] >>> maven-source-plugin:2.1.2:jar (attach-sources) > generate-sources @ google-java-format-parent >>>
[INFO] 
[INFO] --- maven-enforcer-plugin:1.0:enforce (enforce-maven) @ google-java-format-parent ---
[INFO] 
[INFO] <<< maven-source-plugin:2.1.2:jar (attach-sources) < generate-sources @ google-java-format-parent <<<
[INFO] 
[INFO] 
[INFO] --- maven-source-plugin:2.1.2:jar (attach-sources) @ google-java-format-parent ---
[INFO] 
[INFO] --- maven-javadoc-plugin:3.2.0:jar (attach-javadocs) @ google-java-format-parent ---
[INFO] Not executing Javadoc as the project is not a Java classpath-capable package
[INFO] 
[INFO] --- maven-install-plugin:2.4:install (default-install) @ google-java-format-parent ---
[INFO] Installing /Users/kdiffily/tmp/google-java-format/pom.xml to /Users/kdiffily/.m2/repository/com/google/googlejavaformat/google-java-format-parent/1.10-SNAPSHOT/google-java-format-parent-1.10-SNAPSHOT.pom
[INFO] 
[INFO] -----------< com.google.googlejavaformat:google-java-format >-----------
[INFO] Building Google Java Format 1.10-SNAPSHOT                          [2/2]
[INFO] --------------------------------[ jar ]---------------------------------
[INFO] 
[INFO] --- maven-clean-plugin:2.5:clean (default-clean) @ google-java-format ---
[INFO] Deleting /Users/kdiffily/tmp/google-java-format/core/target
[INFO] 
[INFO] --- maven-enforcer-plugin:1.0:enforce (enforce-maven) @ google-java-format ---
[INFO] 
[INFO] --- replacer:1.5.3:replace (default) @ google-java-format ---
[INFO] Replacement run on 1 file.
[INFO] 
[INFO] --- build-helper-maven-plugin:3.0.0:add-source (add-source) @ google-java-format ---
[INFO] Source directory: /Users/kdiffily/tmp/google-java-format/core/target/generated-sources/java added.
[INFO] 
[INFO] --- maven-resources-plugin:3.0.1:resources (default-resources) @ google-java-format ---
[INFO] Using 'UTF-8' encoding to copy filtered resources.
[INFO] skip non existing resourceDirectory /Users/kdiffily/tmp/google-java-format/core/src/main/resources
[INFO] 
[INFO] --- maven-compiler-plugin:3.7.0:compile (default-compile) @ google-java-format ---
[INFO] Changes detected - recompiling the module!
[INFO] Compiling 45 source files to /Users/kdiffily/tmp/google-java-format/core/target/classes
WARNING: An illegal reflective access operation has occurred
WARNING: Illegal reflective access by com.google.errorprone.bugpatterns.FutureReturnValueIgnored (file:/Users/kdiffily/.m2/repository/com/google/errorprone/error_prone_core/2.3.2/error_prone_core-2.3.2.jar) to field com.sun.tools.javac.code.Type$StructuralTypeMapping$4.this$0
WARNING: Please consider reporting this to the maintainers of com.google.errorprone.bugpatterns.FutureReturnValueIgnored
WARNING: Use --illegal-access=warn to enable warnings of further illegal reflective access operations
WARNING: All illegal access operations will be denied in a future release
[INFO] 
[INFO] --- maven-resources-plugin:3.0.1:testResources (default-testResources) @ google-java-format ---
[INFO] Using 'UTF-8' encoding to copy filtered resources.
[INFO] Copying 360 resources
[INFO] 
[INFO] --- maven-compiler-plugin:3.7.0:testCompile (default-testCompile) @ google-java-format ---
[INFO] Changes detected - recompiling the module!
[INFO] Compiling 19 source files to /Users/kdiffily/tmp/google-java-format/core/target/test-classes
[INFO] 
[INFO] --- maven-surefire-plugin:2.18:test (default-test) @ google-java-format ---
[INFO] Surefire report directory: /Users/kdiffily/tmp/google-java-format/core/target/surefire-reports

-------------------------------------------------------
 T E S T S
-------------------------------------------------------
Running com.google.googlejavaformat.java.CommandLineOptionsParserTest
Tests run: 19, Failures: 0, Errors: 0, Skipped: 0, Time elapsed: 0.065 sec - in com.google.googlejavaformat.java.CommandLineOptionsParserTest
Running com.google.googlejavaformat.java.JavadocFormattingTest
Tests run: 60, Failures: 0, Errors: 0, Skipped: 0, Time elapsed: 0.725 sec - in com.google.googlejavaformat.java.JavadocFormattingTest
Running com.google.googlejavaformat.java.ModifierOrdererTest
Tests run: 6, Failures: 0, Errors: 0, Skipped: 0, Time elapsed: 0.012 sec - in com.google.googlejavaformat.java.ModifierOrdererTest
Running com.google.googlejavaformat.java.DiagnosticTest
Tests run: 8, Failures: 0, Errors: 0, Skipped: 0, Time elapsed: 0.111 sec - in com.google.googlejavaformat.java.DiagnosticTest
Running com.google.googlejavaformat.java.StringWrapperTest
Tests run: 1, Failures: 0, Errors: 0, Skipped: 0, Time elapsed: 0.054 sec - in com.google.googlejavaformat.java.StringWrapperTest
Running com.google.googlejavaformat.java.TypeNameClassifierTest
Tests run: 3, Failures: 0, Errors: 0, Skipped: 0, Time elapsed: 0 sec - in com.google.googlejavaformat.java.TypeNameClassifierTest
Running com.google.googlejavaformat.java.ImportOrdererTest
Tests run: 36, Failures: 0, Errors: 0, Skipped: 0, Time elapsed: 0.084 sec - in com.google.googlejavaformat.java.ImportOrdererTest
Running com.google.googlejavaformat.java.LineRangesToCharRangesTest
Tests run: 3, Failures: 0, Errors: 0, Skipped: 0, Time elapsed: 0.003 sec - in com.google.googlejavaformat.java.LineRangesToCharRangesTest
Running com.google.googlejavaformat.java.RemoveUnusedImportsTest
Tests run: 13, Failures: 0, Errors: 0, Skipped: 0, Time elapsed: 0.055 sec - in com.google.googlejavaformat.java.RemoveUnusedImportsTest
Running com.google.googlejavaformat.java.FormatterIntegrationTest
Tests run: 680, Failures: 0, Errors: 0, Skipped: 0, Time elapsed: 2.971 sec - in com.google.googlejavaformat.java.FormatterIntegrationTest
Running com.google.googlejavaformat.java.ArrayDimensionTest
Tests run: 38, Failures: 0, Errors: 0, Skipped: 0, Time elapsed: 0.083 sec - in com.google.googlejavaformat.java.ArrayDimensionTest
Running com.google.googlejavaformat.java.filer.FormattingFilerTest
Tests run: 2, Failures: 0, Errors: 0, Skipped: 0, Time elapsed: 0.537 sec - in com.google.googlejavaformat.java.filer.FormattingFilerTest
Running com.google.googlejavaformat.java.SnippetFormatterTest
Tests run: 5, Failures: 0, Errors: 0, Skipped: 0, Time elapsed: 0.012 sec - in com.google.googlejavaformat.java.SnippetFormatterTest
Running com.google.googlejavaformat.java.StringWrapperIntegrationTest
Tests run: 64, Failures: 0, Errors: 0, Skipped: 0, Time elapsed: 0.474 sec - in com.google.googlejavaformat.java.StringWrapperIntegrationTest
Running com.google.googlejavaformat.java.FormatterTest
Tests run: 31, Failures: 0, Errors: 0, Skipped: 0, Time elapsed: 0.131 sec - in com.google.googlejavaformat.java.FormatterTest
Running com.google.googlejavaformat.java.MainTest
Tests run: 22, Failures: 0, Errors: 0, Skipped: 0, Time elapsed: 2.091 sec - in com.google.googlejavaformat.java.MainTest
Running com.google.googlejavaformat.java.CommandLineFlagsTest
Tests run: 8, Failures: 0, Errors: 0, Skipped: 0, Time elapsed: 0.001 sec - in com.google.googlejavaformat.java.CommandLineFlagsTest
Running com.google.googlejavaformat.java.PartialFormattingTest
Tests run: 180, Failures: 0, Errors: 0, Skipped: 0, Time elapsed: 1.277 sec - in com.google.googlejavaformat.java.PartialFormattingTest
Running com.google.googlejavaformat.NewlinesTest
Tests run: 4, Failures: 0, Errors: 0, Skipped: 0, Time elapsed: 0 sec - in com.google.googlejavaformat.NewlinesTest

Results :




Tests run: 1183, Failures: 0, Errors: 0, Skipped: 0

[INFO] 
[INFO] --- maven-jar-plugin:3.0.2:jar (default-jar) @ google-java-format ---
[INFO] Building jar: /Users/kdiffily/tmp/google-java-format/core/target/google-java-format-1.10-SNAPSHOT.jar
[INFO] 
[INFO] --- maven-resources-plugin:3.0.1:copy-resources (copy-resources) @ google-java-format ---
[INFO] Using 'UTF-8' encoding to copy filtered resources.
[INFO] Copying 1 resource
[INFO] 
[INFO] --- maven-dependency-plugin:2.10:copy-dependencies (copy-dependencies) @ google-java-format ---
[INFO] Copying guava-testlib-28.1-jre.jar to /Users/kdiffily/tmp/google-java-format/eclipse_plugin/lib/guava-testlib-28.1-jre.jar
[INFO] Copying compile-testing-0.15.jar to /Users/kdiffily/tmp/google-java-format/eclipse_plugin/lib/compile-testing-0.15.jar
[INFO] Copying guava-28.1-jre.jar to /Users/kdiffily/tmp/google-java-format/eclipse_plugin/lib/guava-28.1-jre.jar
[INFO] Copying checker-qual-2.0.0.jar to /Users/kdiffily/tmp/google-java-format/eclipse_plugin/lib/checker-qual-2.0.0.jar
[INFO] Copying error_prone_annotations-2.0.8.jar to /Users/kdiffily/tmp/google-java-format/eclipse_plugin/lib/error_prone_annotations-2.0.8.jar
[INFO] Copying junit-4.12.jar to /Users/kdiffily/tmp/google-java-format/eclipse_plugin/lib/junit-4.12.jar
[INFO] Copying truth-1.0.jar to /Users/kdiffily/tmp/google-java-format/eclipse_plugin/lib/truth-1.0.jar
[INFO] 
[INFO] --- maven-shade-plugin:2.4.3:shade (shade-all-deps) @ google-java-format ---
[INFO] Including com.google.guava:guava:jar:28.1-jre in the shaded jar.
[INFO] Including com.google.guava:failureaccess:jar:1.0.1 in the shaded jar.
[INFO] Including com.google.guava:listenablefuture:jar:9999.0-empty-to-avoid-conflict-with-guava in the shaded jar.
[INFO] Including com.google.code.findbugs:jsr305:jar:3.0.2 in the shaded jar.
[INFO] Including com.google.j2objc:j2objc-annotations:jar:1.3 in the shaded jar.
[INFO] Including org.codehaus.mojo:animal-sniffer-annotations:jar:1.18 in the shaded jar.
[INFO] Including org.checkerframework:checker-qual:jar:2.0.0 in the shaded jar.
[INFO] Including com.google.errorprone:error_prone_annotations:jar:2.0.8 in the shaded jar.
[INFO] Attaching shaded artifact.
[INFO] 
[INFO] >>> maven-source-plugin:2.1.2:jar (attach-sources) > generate-sources @ google-java-format >>>
[INFO] 
[INFO] --- maven-enforcer-plugin:1.0:enforce (enforce-maven) @ google-java-format ---
[INFO] 
[INFO] --- replacer:1.5.3:replace (default) @ google-java-format ---
[INFO] Replacement run on 1 file.
[INFO] 
[INFO] --- build-helper-maven-plugin:3.0.0:add-source (add-source) @ google-java-format ---
[INFO] Source directory: /Users/kdiffily/tmp/google-java-format/core/target/generated-sources/java added.
[INFO] 
[INFO] <<< maven-source-plugin:2.1.2:jar (attach-sources) < generate-sources @ google-java-format <<<
[INFO] 
[INFO] 
[INFO] --- maven-source-plugin:2.1.2:jar (attach-sources) @ google-java-format ---
[INFO] com already added, skipping
[INFO] com/google already added, skipping
[INFO] com/google/googlejavaformat already added, skipping
[INFO] com/google/googlejavaformat/java already added, skipping
[INFO] Building jar: /Users/kdiffily/tmp/google-java-format/core/target/google-java-format-1.10-SNAPSHOT-sources.jar
[INFO] com already added, skipping
[INFO] com/google already added, skipping
[INFO] com/google/googlejavaformat already added, skipping
[INFO] com/google/googlejavaformat/java already added, skipping
[INFO] 
[INFO] --- maven-javadoc-plugin:3.2.0:jar (attach-javadocs) @ google-java-format ---
[INFO] No previous run data found, generating javadoc.
[INFO] 
Loading source files for package com.google.googlejavaformat...
Loading source files for package com.google.googlejavaformat.java...
Loading source files for package com.google.googlejavaformat.java.filer...
Loading source files for package com.google.googlejavaformat.java.javadoc...
Constructing Javadoc information...
Standard Doclet version 11.0.2
Building tree for all the packages and classes...
Generating /Users/kdiffily/tmp/google-java-format/core/target/apidocs/com.google.googlejavaformat/com/google/googlejavaformat/CloseOp.html...
Generating /Users/kdiffily/tmp/google-java-format/core/target/apidocs/com.google.googlejavaformat/com/google/googlejavaformat/CommentsHelper.html...
Generating /Users/kdiffily/tmp/google-java-format/core/target/apidocs/com.google.googlejavaformat/com/google/googlejavaformat/Doc.html...
Generating /Users/kdiffily/tmp/google-java-format/core/target/apidocs/com.google.googlejavaformat/com/google/googlejavaformat/Doc.Break.html...
Generating /Users/kdiffily/tmp/google-java-format/core/target/apidocs/com.google.googlejavaformat/com/google/googlejavaformat/Doc.FillMode.html...
Generating /Users/kdiffily/tmp/google-java-format/core/target/apidocs/com.google.googlejavaformat/com/google/googlejavaformat/Doc.State.html...
Generating /Users/kdiffily/tmp/google-java-format/core/target/apidocs/com.google.googlejavaformat/com/google/googlejavaformat/Doc.Token.html...
Generating /Users/kdiffily/tmp/google-java-format/core/target/apidocs/com.google.googlejavaformat/com/google/googlejavaformat/Doc.Token.RealOrImaginary.html...
Generating /Users/kdiffily/tmp/google-java-format/core/target/apidocs/com.google.googlejavaformat/com/google/googlejavaformat/DocBuilder.html...
Generating /Users/kdiffily/tmp/google-java-format/core/target/apidocs/com.google.googlejavaformat/com/google/googlejavaformat/FormatterDiagnostic.html...
Generating /Users/kdiffily/tmp/google-java-format/core/target/apidocs/com.google.googlejavaformat/com/google/googlejavaformat/FormattingError.html...
Generating /Users/kdiffily/tmp/google-java-format/core/target/apidocs/com.google.googlejavaformat/com/google/googlejavaformat/Indent.html...
Generating /Users/kdiffily/tmp/google-java-format/core/target/apidocs/com.google.googlejavaformat/com/google/googlejavaformat/Indent.Const.html...
Generating /Users/kdiffily/tmp/google-java-format/core/target/apidocs/com.google.googlejavaformat/com/google/googlejavaformat/Indent.If.html...
Generating /Users/kdiffily/tmp/google-java-format/core/target/apidocs/com.google.googlejavaformat/com/google/googlejavaformat/Input.html...
Generating /Users/kdiffily/tmp/google-java-format/core/target/apidocs/com.google.googlejavaformat/com/google/googlejavaformat/Input.Tok.html...
Generating /Users/kdiffily/tmp/google-java-format/core/target/apidocs/com.google.googlejavaformat/com/google/googlejavaformat/Input.Token.html...
Generating /Users/kdiffily/tmp/google-java-format/core/target/apidocs/com.google.googlejavaformat/com/google/googlejavaformat/InputOutput.html...
Generating /Users/kdiffily/tmp/google-java-format/core/target/apidocs/com.google.googlejavaformat/com/google/googlejavaformat/Newlines.html...
Generating /Users/kdiffily/tmp/google-java-format/core/target/apidocs/com.google.googlejavaformat/com/google/googlejavaformat/Op.html...
Generating /Users/kdiffily/tmp/google-java-format/core/target/apidocs/com.google.googlejavaformat/com/google/googlejavaformat/OpenOp.html...
Generating /Users/kdiffily/tmp/google-java-format/core/target/apidocs/com.google.googlejavaformat/com/google/googlejavaformat/OpsBuilder.html...
Generating /Users/kdiffily/tmp/google-java-format/core/target/apidocs/com.google.googlejavaformat/com/google/googlejavaformat/OpsBuilder.BlankLineWanted.html...
Generating /Users/kdiffily/tmp/google-java-format/core/target/apidocs/com.google.googlejavaformat/com/google/googlejavaformat/Output.html...
Generating /Users/kdiffily/tmp/google-java-format/core/target/apidocs/com.google.googlejavaformat/com/google/googlejavaformat/Output.BreakTag.html...
Generating /Users/kdiffily/tmp/google-java-format/core/target/apidocs/com.google.googlejavaformat/com/google/googlejavaformat/java/Formatter.html...
Generating /Users/kdiffily/tmp/google-java-format/core/target/apidocs/com.google.googlejavaformat/com/google/googlejavaformat/java/FormatterException.html...
Generating /Users/kdiffily/tmp/google-java-format/core/target/apidocs/com.google.googlejavaformat/com/google/googlejavaformat/java/ImportOrderer.html...
Generating /Users/kdiffily/tmp/google-java-format/core/target/apidocs/com.google.googlejavaformat/com/google/googlejavaformat/java/JavaCommentsHelper.html...
Generating /Users/kdiffily/tmp/google-java-format/core/target/apidocs/com.google.googlejavaformat/com/google/googlejavaformat/java/JavaFormatterOptions.html...
Generating /Users/kdiffily/tmp/google-java-format/core/target/apidocs/com.google.googlejavaformat/com/google/googlejavaformat/java/JavaFormatterOptions.Builder.html...
Generating /Users/kdiffily/tmp/google-java-format/core/target/apidocs/com.google.googlejavaformat/com/google/googlejavaformat/java/JavaFormatterOptions.Style.html...
Generating /Users/kdiffily/tmp/google-java-format/core/target/apidocs/com.google.googlejavaformat/com/google/googlejavaformat/java/JavaInput.html...
Generating /Users/kdiffily/tmp/google-java-format/core/target/apidocs/com.google.googlejavaformat/com/google/googlejavaformat/java/JavaInputAstVisitor.html...
Generating /Users/kdiffily/tmp/google-java-format/core/target/apidocs/com.google.googlejavaformat/com/google/googlejavaformat/java/JavaInputAstVisitor.BracesOrNot.html...
Generating /Users/kdiffily/tmp/google-java-format/core/target/apidocs/com.google.googlejavaformat/com/google/googlejavaformat/java/JavaInputAstVisitor.Direction.html...
Generating /Users/kdiffily/tmp/google-java-format/core/target/apidocs/com.google.googlejavaformat/com/google/googlejavaformat/java/JavaInputAstVisitor.FirstDeclarationsOrNot.html...
Generating /Users/kdiffily/tmp/google-java-format/core/target/apidocs/com.google.googlejavaformat/com/google/googlejavaformat/java/JavaOutput.html...
Generating /Users/kdiffily/tmp/google-java-format/core/target/apidocs/com.google.googlejavaformat/com/google/googlejavaformat/java/Main.html...
Generating /Users/kdiffily/tmp/google-java-format/core/target/apidocs/com.google.googlejavaformat/com/google/googlejavaformat/java/RemoveUnusedImports.html...
Generating /Users/kdiffily/tmp/google-java-format/core/target/apidocs/com.google.googlejavaformat/com/google/googlejavaformat/java/Replacement.html...
Generating /Users/kdiffily/tmp/google-java-format/core/target/apidocs/com.google.googlejavaformat/com/google/googlejavaformat/java/SnippetFormatter.html...
Generating /Users/kdiffily/tmp/google-java-format/core/target/apidocs/com.google.googlejavaformat/com/google/googlejavaformat/java/SnippetFormatter.SnippetKind.html...
Generating /Users/kdiffily/tmp/google-java-format/core/target/apidocs/com.google.googlejavaformat/com/google/googlejavaformat/java/StringWrapper.html...
Generating /Users/kdiffily/tmp/google-java-format/core/target/apidocs/com.google.googlejavaformat/com/google/googlejavaformat/java/TypeNameClassifier.html...
Generating /Users/kdiffily/tmp/google-java-format/core/target/apidocs/com.google.googlejavaformat/com/google/googlejavaformat/java/TypeNameClassifier.JavaCaseFormat.html...
Generating /Users/kdiffily/tmp/google-java-format/core/target/apidocs/com.google.googlejavaformat/com/google/googlejavaformat/java/filer/FormattingFiler.html...
Generating /Users/kdiffily/tmp/google-java-format/core/target/apidocs/com.google.googlejavaformat/com/google/googlejavaformat/java/javadoc/JavadocFormatter.html...
Generating /Users/kdiffily/tmp/google-java-format/core/target/apidocs/com.google.googlejavaformat/com/google/googlejavaformat/package-summary.html...
Generating /Users/kdiffily/tmp/google-java-format/core/target/apidocs/com.google.googlejavaformat/com/google/googlejavaformat/package-tree.html...
Generating /Users/kdiffily/tmp/google-java-format/core/target/apidocs/com.google.googlejavaformat/com/google/googlejavaformat/java/package-summary.html...
Generating /Users/kdiffily/tmp/google-java-format/core/target/apidocs/com.google.googlejavaformat/com/google/googlejavaformat/java/package-tree.html...
Generating /Users/kdiffily/tmp/google-java-format/core/target/apidocs/com.google.googlejavaformat/com/google/googlejavaformat/java/filer/package-summary.html...
Generating /Users/kdiffily/tmp/google-java-format/core/target/apidocs/com.google.googlejavaformat/com/google/googlejavaformat/java/filer/package-tree.html...
Generating /Users/kdiffily/tmp/google-java-format/core/target/apidocs/com.google.googlejavaformat/com/google/googlejavaformat/java/javadoc/package-summary.html...
Generating /Users/kdiffily/tmp/google-java-format/core/target/apidocs/com.google.googlejavaformat/com/google/googlejavaformat/java/javadoc/package-tree.html...
Generating /Users/kdiffily/tmp/google-java-format/core/target/apidocs/com.google.googlejavaformat/module-summary.html...
Generating /Users/kdiffily/tmp/google-java-format/core/target/apidocs/constant-values.html...
Generating /Users/kdiffily/tmp/google-java-format/core/target/apidocs/serialized-form.html...
Generating /Users/kdiffily/tmp/google-java-format/core/target/apidocs/com.google.googlejavaformat/com/google/googlejavaformat/class-use/Indent.html...
Generating /Users/kdiffily/tmp/google-java-format/core/target/apidocs/com.google.googlejavaformat/com/google/googlejavaformat/class-use/Indent.If.html...
Generating /Users/kdiffily/tmp/google-java-format/core/target/apidocs/com.google.googlejavaformat/com/google/googlejavaformat/class-use/Indent.Const.html...
Generating /Users/kdiffily/tmp/google-java-format/core/target/apidocs/com.google.googlejavaformat/com/google/googlejavaformat/class-use/CommentsHelper.html...
Generating /Users/kdiffily/tmp/google-java-format/core/target/apidocs/com.google.googlejavaformat/com/google/googlejavaformat/class-use/OpenOp.html...
Generating /Users/kdiffily/tmp/google-java-format/core/target/apidocs/com.google.googlejavaformat/com/google/googlejavaformat/class-use/FormattingError.html...
Generating /Users/kdiffily/tmp/google-java-format/core/target/apidocs/com.google.googlejavaformat/com/google/googlejavaformat/class-use/Op.html...
Generating /Users/kdiffily/tmp/google-java-format/core/target/apidocs/com.google.googlejavaformat/com/google/googlejavaformat/class-use/Doc.html...
Generating /Users/kdiffily/tmp/google-java-format/core/target/apidocs/com.google.googlejavaformat/com/google/googlejavaformat/class-use/Doc.Break.html...
Generating /Users/kdiffily/tmp/google-java-format/core/target/apidocs/com.google.googlejavaformat/com/google/googlejavaformat/class-use/Doc.Token.html...
Generating /Users/kdiffily/tmp/google-java-format/core/target/apidocs/com.google.googlejavaformat/com/google/googlejavaformat/class-use/Doc.Token.RealOrImaginary.html...
Generating /Users/kdiffily/tmp/google-java-format/core/target/apidocs/com.google.googlejavaformat/com/google/googlejavaformat/class-use/Doc.State.html...
Generating /Users/kdiffily/tmp/google-java-format/core/target/apidocs/com.google.googlejavaformat/com/google/googlejavaformat/class-use/Doc.FillMode.html...
Generating /Users/kdiffily/tmp/google-java-format/core/target/apidocs/com.google.googlejavaformat/com/google/googlejavaformat/class-use/InputOutput.html...
Generating /Users/kdiffily/tmp/google-java-format/core/target/apidocs/com.google.googlejavaformat/com/google/googlejavaformat/class-use/CloseOp.html...
Generating /Users/kdiffily/tmp/google-java-format/core/target/apidocs/com.google.googlejavaformat/com/google/googlejavaformat/class-use/DocBuilder.html...
Generating /Users/kdiffily/tmp/google-java-format/core/target/apidocs/com.google.googlejavaformat/com/google/googlejavaformat/class-use/Newlines.html...
Generating /Users/kdiffily/tmp/google-java-format/core/target/apidocs/com.google.googlejavaformat/com/google/googlejavaformat/class-use/Output.html...
Generating /Users/kdiffily/tmp/google-java-format/core/target/apidocs/com.google.googlejavaformat/com/google/googlejavaformat/class-use/Output.BreakTag.html...
Generating /Users/kdiffily/tmp/google-java-format/core/target/apidocs/com.google.googlejavaformat/com/google/googlejavaformat/class-use/OpsBuilder.html...
Generating /Users/kdiffily/tmp/google-java-format/core/target/apidocs/com.google.googlejavaformat/com/google/googlejavaformat/class-use/OpsBuilder.BlankLineWanted.html...
Generating /Users/kdiffily/tmp/google-java-format/core/target/apidocs/com.google.googlejavaformat/com/google/googlejavaformat/class-use/Input.html...
Generating /Users/kdiffily/tmp/google-java-format/core/target/apidocs/com.google.googlejavaformat/com/google/googlejavaformat/class-use/Input.Token.html...
Generating /Users/kdiffily/tmp/google-java-format/core/target/apidocs/com.google.googlejavaformat/com/google/googlejavaformat/class-use/Input.Tok.html...
Generating /Users/kdiffily/tmp/google-java-format/core/target/apidocs/com.google.googlejavaformat/com/google/googlejavaformat/class-use/FormatterDiagnostic.html...
Generating /Users/kdiffily/tmp/google-java-format/core/target/apidocs/com.google.googlejavaformat/com/google/googlejavaformat/java/class-use/StringWrapper.html...
Generating /Users/kdiffily/tmp/google-java-format/core/target/apidocs/com.google.googlejavaformat/com/google/googlejavaformat/java/class-use/JavaOutput.html...
Generating /Users/kdiffily/tmp/google-java-format/core/target/apidocs/com.google.googlejavaformat/com/google/googlejavaformat/java/class-use/RemoveUnusedImports.html...
Generating /Users/kdiffily/tmp/google-java-format/core/target/apidocs/com.google.googlejavaformat/com/google/googlejavaformat/java/class-use/JavaInput.html...
Generating /Users/kdiffily/tmp/google-java-format/core/target/apidocs/com.google.googlejavaformat/com/google/googlejavaformat/java/class-use/Replacement.html...
Generating /Users/kdiffily/tmp/google-java-format/core/target/apidocs/com.google.googlejavaformat/com/google/googlejavaformat/java/class-use/JavaFormatterOptions.html...
Generating /Users/kdiffily/tmp/google-java-format/core/target/apidocs/com.google.googlejavaformat/com/google/googlejavaformat/java/class-use/JavaFormatterOptions.Builder.html...
Generating /Users/kdiffily/tmp/google-java-format/core/target/apidocs/com.google.googlejavaformat/com/google/googlejavaformat/java/class-use/JavaFormatterOptions.Style.html...
Generating /Users/kdiffily/tmp/google-java-format/core/target/apidocs/com.google.googlejavaformat/com/google/googlejavaformat/java/class-use/JavaInputAstVisitor.html...
Generating /Users/kdiffily/tmp/google-java-format/core/target/apidocs/com.google.googlejavaformat/com/google/googlejavaformat/java/class-use/JavaInputAstVisitor.FirstDeclarationsOrNot.html...
Generating /Users/kdiffily/tmp/google-java-format/core/target/apidocs/com.google.googlejavaformat/com/google/googlejavaformat/java/class-use/JavaInputAstVisitor.BracesOrNot.html...
Generating /Users/kdiffily/tmp/google-java-format/core/target/apidocs/com.google.googlejavaformat/com/google/googlejavaformat/java/class-use/JavaInputAstVisitor.Direction.html...
Generating /Users/kdiffily/tmp/google-java-format/core/target/apidocs/com.google.googlejavaformat/com/google/googlejavaformat/java/class-use/Formatter.html...
Generating /Users/kdiffily/tmp/google-java-format/core/target/apidocs/com.google.googlejavaformat/com/google/googlejavaformat/java/class-use/FormatterException.html...
Generating /Users/kdiffily/tmp/google-java-format/core/target/apidocs/com.google.googlejavaformat/com/google/googlejavaformat/java/class-use/Main.html...
Generating /Users/kdiffily/tmp/google-java-format/core/target/apidocs/com.google.googlejavaformat/com/google/googlejavaformat/java/class-use/ImportOrderer.html...
Generating /Users/kdiffily/tmp/google-java-format/core/target/apidocs/com.google.googlejavaformat/com/google/googlejavaformat/java/class-use/JavaCommentsHelper.html...
Generating /Users/kdiffily/tmp/google-java-format/core/target/apidocs/com.google.googlejavaformat/com/google/googlejavaformat/java/class-use/SnippetFormatter.html...
Generating /Users/kdiffily/tmp/google-java-format/core/target/apidocs/com.google.googlejavaformat/com/google/googlejavaformat/java/class-use/SnippetFormatter.SnippetKind.html...
Generating /Users/kdiffily/tmp/google-java-format/core/target/apidocs/com.google.googlejavaformat/com/google/googlejavaformat/java/class-use/TypeNameClassifier.html...
Generating /Users/kdiffily/tmp/google-java-format/core/target/apidocs/com.google.googlejavaformat/com/google/googlejavaformat/java/class-use/TypeNameClassifier.JavaCaseFormat.html...
Generating /Users/kdiffily/tmp/google-java-format/core/target/apidocs/com.google.googlejavaformat/com/google/googlejavaformat/java/filer/class-use/FormattingFiler.html...
Generating /Users/kdiffily/tmp/google-java-format/core/target/apidocs/com.google.googlejavaformat/com/google/googlejavaformat/java/javadoc/class-use/JavadocFormatter.html...
Generating /Users/kdiffily/tmp/google-java-format/core/target/apidocs/com.google.googlejavaformat/com/google/googlejavaformat/package-use.html...
Generating /Users/kdiffily/tmp/google-java-format/core/target/apidocs/com.google.googlejavaformat/com/google/googlejavaformat/java/package-use.html...
Generating /Users/kdiffily/tmp/google-java-format/core/target/apidocs/com.google.googlejavaformat/com/google/googlejavaformat/java/filer/package-use.html...
Generating /Users/kdiffily/tmp/google-java-format/core/target/apidocs/com.google.googlejavaformat/com/google/googlejavaformat/java/javadoc/package-use.html...
Building index for all the packages and classes...
Generating /Users/kdiffily/tmp/google-java-format/core/target/apidocs/overview-tree.html...
Generating /Users/kdiffily/tmp/google-java-format/core/target/apidocs/index-all.html...
Building index for all classes...
Generating /Users/kdiffily/tmp/google-java-format/core/target/apidocs/allclasses-index.html...
Generating /Users/kdiffily/tmp/google-java-format/core/target/apidocs/allpackages-index.html...
Generating /Users/kdiffily/tmp/google-java-format/core/target/apidocs/deprecated-list.html...
Building index for all classes...
Generating /Users/kdiffily/tmp/google-java-format/core/target/apidocs/allclasses.html...
Generating /Users/kdiffily/tmp/google-java-format/core/target/apidocs/allclasses.html...
Generating /Users/kdiffily/tmp/google-java-format/core/target/apidocs/index.html...
Generating /Users/kdiffily/tmp/google-java-format/core/target/apidocs/help-doc.html...
1 error
[INFO] ------------------------------------------------------------------------
[INFO] Reactor Summary for Google Java Format Parent 1.10-SNAPSHOT:
[INFO] 
[INFO] Google Java Format Parent .......................... SUCCESS [  2.094 s]
[INFO] Google Java Format ................................. FAILURE [ 34.883 s]
[INFO] ------------------------------------------------------------------------
[INFO] BUILD FAILURE
[INFO] ------------------------------------------------------------------------
[INFO] Total time:  37.178 s
[INFO] Finished at: 2020-08-31T16:47:01-04:00
[INFO] ------------------------------------------------------------------------
[ERROR] Failed to execute goal org.apache.maven.plugins:maven-javadoc-plugin:3.2.0:jar (attach-javadocs) on project google-java-format: MavenReportException: Error while generating Javadoc: 
[ERROR] Exit code: 1 - javadoc: error - The code being documented uses modules but the packages defined in https://guava.dev/releases/28.1-jre/api/docs/ are in the unnamed module.
[ERROR] 
[ERROR] Command line was: /Library/Java/JavaVirtualMachines/jdk-11.0.2.jdk/Contents/Home/bin/javadoc --add-exports=jdk.compiler/com.sun.tools.javac.file=ALL-UNNAMED,com.google.googlejavaformat --add-exports=jdk.compiler/com.sun.tools.javac.main=ALL-UNNAMED,com.google.googlejavaformat --add-exports=jdk.compiler/com.sun.tools.javac.parser=ALL-UNNAMED,com.google.googlejavaformat --add-exports=jdk.compiler/com.sun.tools.javac.tree=ALL-UNNAMED,com.google.googlejavaformat --add-exports=jdk.compiler/com.sun.tools.javac.util=ALL-UNNAMED,com.google.googlejavaformat --add-exports=jdk.compiler/com.sun.tools.javac.code=ALL-UNNAMED,com.google.googlejavaformat --add-exports=jdk.compiler/com.sun.tools.javac.api=ALL-UNNAMED,com.google.googlejavaformat @options @packages
[ERROR] 
[ERROR] Refer to the generated Javadoc files in '/Users/kdiffily/tmp/google-java-format/core/target/apidocs' dir.
[ERROR] 
[ERROR] -> [Help 1]
[ERROR] 
[ERROR] To see the full stack trace of the errors, re-run Maven with the -e switch.
[ERROR] Re-run Maven using the -X switch to enable full debug logging.
[ERROR] 
[ERROR] For more information about the errors and possible solutions, please read the following articles:
[ERROR] [Help 1] http://cwiki.apache.org/confluence/display/MAVEN/MojoExecutionException
[ERROR] 
[ERROR] After correcting the problems, you can resume the build with the command
[ERROR]   mvn <args> -rf :google-java-format
kdiffily@kdiffily-macbook google-java-format % 

